<?xml version="1.0" encoding="UTF-8"?>
<!-- Generated by org.testng.reporters.JUnitXMLReporter -->
<testsuite ignored="4" hostname="DESKTOP-EGQ2P43" failures="0" tests="2" name="Run on Chrome" time="15.846" errors="0" timestamp="11 Feb 2023 13:01:40 GMT">
  <testcase classname="com.nopcommerce.user.Level_06_Page_Generator_Manager_My_Account" name="@BeforeClass beforeClass" time="15.812">
    <failure type="org.openqa.selenium.TimeoutException" message="Expected condition failed: waiting for element to be clickable: By.xpath: //a[@class=&amp;apos;ico-register&amp;apos;] (tried for 10 second(s) with 500 milliseconds interval)">
      <![CDATA[org.openqa.selenium.TimeoutException: Expected condition failed: waiting for element to be clickable: By.xpath: //a[@class='ico-register'] (tried for 10 second(s) with 500 milliseconds interval)
at org.openqa.selenium.support.ui.WebDriverWait.timeoutException(WebDriverWait.java:95)
at org.openqa.selenium.support.ui.FluentWait.until(FluentWait.java:272)
at commons.BasePage.waitForElementClickable(BasePage.java:306)
at pageObjects.HomePageObject.clickToRegisterLink(HomePageObject.java:19)
at com.nopcommerce.user.Level_06_Page_Generator_Manager_My_Account.beforeClass(Level_06_Page_Generator_Manager_My_Account.java:39)
Caused by: org.openqa.selenium.NoSuchElementException: Cannot locate an element using xpath=//a[@class='ico-register']
For documentation on this error, please visit: https://www.seleniumhq.org/exceptions/no_such_element.html
Build info: version: '3.141.59', revision: 'e82be7d358', time: '2018-11-14T08:25:53'
System info: host: 'DESKTOP-EGQ2P43', ip: '192.168.1.19', os.name: 'Windows 10', os.arch: 'amd64', os.version: '10.0', java.version: '11.0.17'
Driver info: driver.version: RemoteWebDriver
at org.openqa.selenium.remote.RemoteWebDriver.findElement(RemoteWebDriver.java:327)
at org.openqa.selenium.remote.RemoteWebDriver.findElementByXPath(RemoteWebDriver.java:428)
at org.openqa.selenium.By$ByXPath.findElement(By.java:353)
at org.openqa.selenium.remote.RemoteWebDriver.findElement(RemoteWebDriver.java:315)
at org.openqa.selenium.support.ui.ExpectedConditions$7.apply(ExpectedConditions.java:205)
at org.openqa.selenium.support.ui.ExpectedConditions$7.apply(ExpectedConditions.java:201)
at org.openqa.selenium.support.ui.ExpectedConditions$22.apply(ExpectedConditions.java:641)
at org.openqa.selenium.support.ui.ExpectedConditions$22.apply(ExpectedConditions.java:638)
at org.openqa.selenium.support.ui.FluentWait.until(FluentWait.java:249)
... 29 more
... Removed 26 stack frames]]>
    </failure>
  </testcase> <!-- @BeforeClass beforeClass -->
  <testcase classname="com.nopcommerce.user.Level_06_Page_Generator_Manager_My_Account" name="@AfterClass afterClass" time="0.0">
    <skipped/>
  </testcase> <!-- @AfterClass afterClass -->
  <testcase classname="com.nopcommerce.user.Level_06_Page_Generator_Manager_My_Account" name="My_Account_01_Update_Customer_Infor" time="0.0">
    <skipped/>
  </testcase> <!-- My_Account_01_Update_Customer_Infor -->
  <testcase classname="com.nopcommerce.user.Level_06_Page_Generator_Manager_My_Account" name="My_Account_02_Add_Address" time="0.0">
    <skipped/>
  </testcase> <!-- My_Account_02_Add_Address -->
  <testcase classname="com.nopcommerce.user.Level_06_Page_Generator_Manager_My_Account" name="Register_06_Confirm_Password_Not_Match" time="0.0">
    <ignored/>
  </testcase> <!-- Register_06_Confirm_Password_Not_Match -->
  <testcase classname="com.nopcommerce.user.Level_06_Page_Generator_Manager_My_Account" name="Register_04_Existing_Email" time="0.0">
    <ignored/>
  </testcase> <!-- Register_04_Existing_Email -->
  <testcase classname="com.nopcommerce.user.Level_06_Page_Generator_Manager_My_Account" name="Register_05_Password_Less_Than_6_Chars" time="0.0">
    <ignored/>
  </testcase> <!-- Register_05_Password_Less_Than_6_Chars -->
  <testcase classname="com.nopcommerce.user.Level_06_Page_Generator_Manager_My_Account" name="Register_03_Register_Success" time="0.0">
    <ignored/>
  </testcase> <!-- Register_03_Register_Success -->
</testsuite> <!-- Run on Chrome -->
