<?xml version="1.0" encoding="UTF-8"?>
<!-- Generated by org.testng.reporters.JUnitXMLReporter -->
<testsuite ignored="4" hostname="DESKTOP-EGQ2P43" failures="0" tests="2" name="Run on Firefox" time="11.283" errors="0" timestamp="09 Feb 2023 12:59:24 GMT">
  <testcase classname="com.nopcommerce.user.Level_06_Page_Generator_Manager_My_Account" name="My_Account_01_Update_Customer_Infor" time="2.565"/>
  <testcase classname="com.nopcommerce.user.Level_06_Page_Generator_Manager_My_Account" name="My_Account_02_Add_Address" time="0.983"/>
  <testcase classname="com.nopcommerce.user.Level_06_Page_Generator_Manager_My_Account" name="Register_06_Confirm_Password_Not_Match" time="0.0">
    <ignored/>
  </testcase> <!-- Register_06_Confirm_Password_Not_Match -->
  <testcase classname="com.nopcommerce.user.Level_06_Page_Generator_Manager_My_Account" name="Register_04_Existing_Email" time="0.0">
    <ignored/>
  </testcase> <!-- Register_04_Existing_Email -->
  <testcase classname="com.nopcommerce.user.Level_06_Page_Generator_Manager_My_Account" name="Register_05_Password_Less_Than_6_Chars" time="0.0">
    <ignored/>
  </testcase> <!-- Register_05_Password_Less_Than_6_Chars -->
  <testcase classname="com.nopcommerce.user.Level_06_Page_Generator_Manager_My_Account" name="Register_03_Register_Success" time="0.0">
    <ignored/>
  </testcase> <!-- Register_03_Register_Success -->
</testsuite> <!-- Run on Firefox -->
