<?xml version="1.0" encoding="UTF-8"?>
<!-- Generated by org.testng.reporters.JUnitXMLReporter -->
<testsuite ignored="0" hostname="DESKTOP-MGEJCOV" failures="0" tests="6" name="Run on Edge" time="47.288" errors="0" timestamp="2023-02-01T20:42:29 ICT">
  <testcase classname="com.nopcommerce.user.Level_04_Multiple_Browsers" name="Register_01_Empty_Data" time="10.324"/>
  <testcase classname="com.nopcommerce.user.Level_04_Multiple_Browsers" name="Register_02_Invalid_Email" time="4.072"/>
  <testcase classname="com.nopcommerce.user.Level_04_Multiple_Browsers" name="Register_03_Register_Success" time="5.748"/>
  <testcase classname="com.nopcommerce.user.Level_04_Multiple_Browsers" name="Register_04_Existing_Email" time="4.874"/>
  <testcase classname="com.nopcommerce.user.Level_04_Multiple_Browsers" name="Register_05_Password_Less_Than_6_Chars" time="7.428"/>
  <testcase classname="com.nopcommerce.user.Level_04_Multiple_Browsers" name="Register_06_Confirm_Password_Not_Match" time="4.861"/>
</testsuite> <!-- Run on Edge -->
