<?xml version="1.0" encoding="UTF-8"?>
<testng-results ignored="12" total="18" passed="6" failed="0" skipped="0">
  <reporter-output>
  </reporter-output>
  <suite started-at="2023-02-09T12:58:46Z" name="Suite" finished-at="2023-02-09T12:59:36Z" duration-ms="50525">
    <groups>
    </groups>
    <test started-at="2023-02-09T12:58:46Z" name="Run on Chrome" finished-at="2023-02-09T12:59:13Z" duration-ms="26957">
      <class name="com.nopcommerce.user.Level_06_Page_Generator_Manager_My_Account">
        <test-method is-config="true" signature="beforeClass(java.lang.String)[pri:0, instance:com.nopcommerce.user.Level_06_Page_Generator_Manager_My_Account@5e5d171f]" started-at="2023-02-09T12:58:46Z" name="beforeClass" finished-at="2023-02-09T12:59:09Z" duration-ms="23558" status="PASS">
          <params>
            <param index="0">
              <value>
                <![CDATA[chrome]]>
              </value>
            </param>
          </params>
          <reporter-output>
          </reporter-output>
        </test-method> <!-- beforeClass -->
        <test-method signature="My_Account_01_Update_Customer_Infor()[pri:0, instance:com.nopcommerce.user.Level_06_Page_Generator_Manager_My_Account@5e5d171f]" started-at="2023-02-09T12:59:09Z" name="My_Account_01_Update_Customer_Infor" finished-at="2023-02-09T12:59:11Z" duration-ms="2096" status="PASS">
          <reporter-output>
          </reporter-output>
        </test-method> <!-- My_Account_01_Update_Customer_Infor -->
        <test-method signature="My_Account_02_Add_Address()[pri:0, instance:com.nopcommerce.user.Level_06_Page_Generator_Manager_My_Account@5e5d171f]" started-at="2023-02-09T12:59:11Z" name="My_Account_02_Add_Address" finished-at="2023-02-09T12:59:13Z" duration-ms="1290" status="PASS">
          <reporter-output>
          </reporter-output>
        </test-method> <!-- My_Account_02_Add_Address -->
        <test-method is-config="true" signature="afterClass()[pri:0, instance:com.nopcommerce.user.Level_06_Page_Generator_Manager_My_Account@5e5d171f]" started-at="2023-02-09T12:59:13Z" name="afterClass" finished-at="2023-02-09T12:59:13Z" duration-ms="1" status="PASS">
          <reporter-output>
          </reporter-output>
        </test-method> <!-- afterClass -->
      </class> <!-- com.nopcommerce.user.Level_06_Page_Generator_Manager_My_Account -->
    </test> <!-- Run on Chrome -->
    <test started-at="2023-02-09T12:59:13Z" name="Run on Firefox" finished-at="2023-02-09T12:59:24Z" duration-ms="11283">
      <class name="com.nopcommerce.user.Level_06_Page_Generator_Manager_My_Account">
        <test-method is-config="true" signature="beforeClass(java.lang.String)[pri:0, instance:com.nopcommerce.user.Level_06_Page_Generator_Manager_My_Account@65d09a04]" started-at="2023-02-09T12:59:13Z" name="beforeClass" finished-at="2023-02-09T12:59:20Z" duration-ms="7733" status="PASS">
          <params>
            <param index="0">
              <value>
                <![CDATA[firefox]]>
              </value>
            </param>
          </params>
          <reporter-output>
          </reporter-output>
        </test-method> <!-- beforeClass -->
        <test-method signature="My_Account_01_Update_Customer_Infor()[pri:0, instance:com.nopcommerce.user.Level_06_Page_Generator_Manager_My_Account@65d09a04]" started-at="2023-02-09T12:59:20Z" name="My_Account_01_Update_Customer_Infor" finished-at="2023-02-09T12:59:23Z" duration-ms="2565" status="PASS">
          <reporter-output>
          </reporter-output>
        </test-method> <!-- My_Account_01_Update_Customer_Infor -->
        <test-method signature="My_Account_02_Add_Address()[pri:0, instance:com.nopcommerce.user.Level_06_Page_Generator_Manager_My_Account@65d09a04]" started-at="2023-02-09T12:59:23Z" name="My_Account_02_Add_Address" finished-at="2023-02-09T12:59:24Z" duration-ms="983" status="PASS">
          <reporter-output>
          </reporter-output>
        </test-method> <!-- My_Account_02_Add_Address -->
        <test-method is-config="true" signature="afterClass()[pri:0, instance:com.nopcommerce.user.Level_06_Page_Generator_Manager_My_Account@65d09a04]" started-at="2023-02-09T12:59:24Z" name="afterClass" finished-at="2023-02-09T12:59:24Z" duration-ms="0" status="PASS">
          <reporter-output>
          </reporter-output>
        </test-method> <!-- afterClass -->
      </class> <!-- com.nopcommerce.user.Level_06_Page_Generator_Manager_My_Account -->
    </test> <!-- Run on Firefox -->
    <test started-at="2023-02-09T12:59:24Z" name="Run on Edge" finished-at="2023-02-09T12:59:36Z" duration-ms="12265">
      <class name="com.nopcommerce.user.Level_06_Page_Generator_Manager_My_Account">
        <test-method is-config="true" signature="beforeClass(java.lang.String)[pri:0, instance:com.nopcommerce.user.Level_06_Page_Generator_Manager_My_Account@399c4be1]" started-at="2023-02-09T12:59:24Z" name="beforeClass" finished-at="2023-02-09T12:59:33Z" duration-ms="8742" status="PASS">
          <params>
            <param index="0">
              <value>
                <![CDATA[edge]]>
              </value>
            </param>
          </params>
          <reporter-output>
          </reporter-output>
        </test-method> <!-- beforeClass -->
        <test-method signature="My_Account_01_Update_Customer_Infor()[pri:0, instance:com.nopcommerce.user.Level_06_Page_Generator_Manager_My_Account@399c4be1]" started-at="2023-02-09T12:59:33Z" name="My_Account_01_Update_Customer_Infor" finished-at="2023-02-09T12:59:35Z" duration-ms="2204" status="PASS">
          <reporter-output>
          </reporter-output>
        </test-method> <!-- My_Account_01_Update_Customer_Infor -->
        <test-method signature="My_Account_02_Add_Address()[pri:0, instance:com.nopcommerce.user.Level_06_Page_Generator_Manager_My_Account@399c4be1]" started-at="2023-02-09T12:59:35Z" name="My_Account_02_Add_Address" finished-at="2023-02-09T12:59:36Z" duration-ms="1315" status="PASS">
          <reporter-output>
          </reporter-output>
        </test-method> <!-- My_Account_02_Add_Address -->
        <test-method is-config="true" signature="afterClass()[pri:0, instance:com.nopcommerce.user.Level_06_Page_Generator_Manager_My_Account@399c4be1]" started-at="2023-02-09T12:59:36Z" name="afterClass" finished-at="2023-02-09T12:59:36Z" duration-ms="0" status="PASS">
          <reporter-output>
          </reporter-output>
        </test-method> <!-- afterClass -->
      </class> <!-- com.nopcommerce.user.Level_06_Page_Generator_Manager_My_Account -->
    </test> <!-- Run on Edge -->
  </suite> <!-- Suite -->
</testng-results>
