<?xml version="1.0" encoding="UTF-8"?>
<!-- Generated by org.testng.reporters.JUnitXMLReporter -->
<testsuite ignored="5" hostname="DESKTOP-EGQ2P43" failures="0" tests="1" name="Default test" time="6.385" errors="0" timestamp="07 Feb 2023 15:21:54 GMT">
  <testcase classname="com.nopcommerce.user.Level_03_Page_Object_Login" name="Login_06_Login_Success" time="1.251"/>
  <testcase classname="com.nopcommerce.user.Level_03_Page_Object_Login" name="Login_04_Not_Input_Password" time="0.0">
    <ignored/>
  </testcase> <!-- Login_04_Not_Input_Password -->
  <testcase classname="com.nopcommerce.user.Level_03_Page_Object_Login" name="Login_03_Not_Register_Email" time="0.0">
    <ignored/>
  </testcase> <!-- Login_03_Not_Register_Email -->
  <testcase classname="com.nopcommerce.user.Level_03_Page_Object_Login" name="Login_05_Incorrect_Password" time="0.0">
    <ignored/>
  </testcase> <!-- Login_05_Incorrect_Password -->
  <testcase classname="com.nopcommerce.user.Level_03_Page_Object_Login" name="Login_01_Empty_Data" time="0.0">
    <ignored/>
  </testcase> <!-- Login_01_Empty_Data -->
  <testcase classname="com.nopcommerce.user.Level_03_Page_Object_Login" name="Login_02_Invalid_Email" time="0.0">
    <ignored/>
  </testcase> <!-- Login_02_Invalid_Email -->
</testsuite> <!-- Default test -->
